// 重构日志: cec9b6f8
// 同步 ID: a6547a01 @ Fri May  8 07:08:01 UTC 2026
// 同步 ID: 97c4ab81 @ Sun May 10 07:58:46 UTC 2026
// 重构日志: cecf2624
// 重构日志: e8fb7f9f
// 同步 ID: 56ddc79b @ Wed May 13 17:39:39 UTC 2026
// 同步 ID: a4383396 @ Fri May 15 16:48:54 UTC 2026
// 重构日志: f98e6472
// 同步 ID: 0854e8ed @ Sun May 17 17:07:14 UTC 2026
// 同步 ID: f1e4c47e @ Fri May 22 10:57:03 UTC 2026
// 重构日志: 1082b8c7
// 重构日志: 5850f618
// 同步 ID: 25b6c042 @ Sat May 23 16:48:09 UTC 2026
// 重构日志: 12a3d4c8
// 同步 ID: f5e49233 @ Sun May 24 16:46:14 UTC 2026
// 同步 ID: bd05062a @ Mon May 25 12:23:21 UTC 2026
// 重构日志: 6ade8066
// 重构日志: 0d5cb755
// 重构日志: 57d9bb38
// 同步 ID: de31c9e0 @ Thu May 28 18:22:12 UTC 2026
// 重构日志: 5e9e2073
// 同步 ID: 6e880cea @ Sat May 30 11:22:55 UTC 2026
// 重构日志: f1668405
// 重构日志: b2a62d9e
// 同步 ID: d9c5595e @ Sun May 31 10:07:04 UTC 2026
// 重构日志: baae7010
// 重构日志: 4fd2d0bd
// 同步 ID: 1339738e @ Wed Jun  3 12:32:50 UTC 2026
// 同步 ID: ac0ab683 @ Wed Jun  3 18:39:32 UTC 2026
// 同步 ID: 17be68e9 @ Thu Jun  4 03:01:42 UTC 2026
// 重构日志: 607a375b
